mode: atomic
robot_scheduler/internal/api/handler/base_handler.go:20.48,26.2 1 0
robot_scheduler/internal/api/handler/base_handler.go:29.54,36.2 2 0
robot_scheduler/internal/api/handler/base_handler.go:39.49,41.2 1 0
robot_scheduler/internal/api/handler/base_handler.go:44.51,46.2 1 0
robot_scheduler/internal/api/handler/base_handler.go:49.48,51.2 1 0
robot_scheduler/internal/api/handler/base_handler.go:54.47,56.2 1 0
robot_scheduler/internal/api/handler/base_handler.go:59.58,61.2 1 0
robot_scheduler/internal/api/handler/base_handler.go:64.58,65.19 1 0
robot_scheduler/internal/api/handler/base_handler.go:65.19,67.3 1 0
robot_scheduler/internal/api/handler/base_handler.go:68.2,68.24 1 0
robot_scheduler/internal/api/handler/device.go:19.76,23.2 1 0
robot_scheduler/internal/api/handler/device.go:37.54,41.47 3 0
robot_scheduler/internal/api/handler/device.go:41.47,45.3 3 0
robot_scheduler/internal/api/handler/device.go:47.2,48.16 2 0
robot_scheduler/internal/api/handler/device.go:48.16,52.3 3 0
robot_scheduler/internal/api/handler/device.go:54.2,54.20 1 0
robot_scheduler/internal/api/handler/device.go:70.51,73.16 3 0
robot_scheduler/internal/api/handler/device.go:73.16,77.3 3 0
robot_scheduler/internal/api/handler/device.go:79.2,82.16 3 0
robot_scheduler/internal/api/handler/device.go:82.16,86.3 3 0
robot_scheduler/internal/api/handler/device.go:88.2,88.19 1 0
robot_scheduler/internal/api/handler/device.go:88.19,92.3 3 0
robot_scheduler/internal/api/handler/device.go:94.2,94.20 1 0
robot_scheduler/internal/api/handler/device.go:111.54,114.16 3 0
robot_scheduler/internal/api/handler/device.go:114.16,118.3 3 0
robot_scheduler/internal/api/handler/device.go:120.2,121.47 2 0
robot_scheduler/internal/api/handler/device.go:121.47,125.3 3 0
robot_scheduler/internal/api/handler/device.go:127.2,129.90 2 0
robot_scheduler/internal/api/handler/device.go:129.90,133.3 3 0
robot_scheduler/internal/api/handler/device.go:135.2,135.46 1 0
robot_scheduler/internal/api/handler/device.go:150.54,153.16 3 0
robot_scheduler/internal/api/handler/device.go:153.16,157.3 3 0
robot_scheduler/internal/api/handler/device.go:159.2,161.84 2 0
robot_scheduler/internal/api/handler/device.go:161.84,165.3 3 0
robot_scheduler/internal/api/handler/device.go:167.2,167.46 1 0
robot_scheduler/internal/api/handler/device.go:180.53,184.52 3 0
robot_scheduler/internal/api/handler/device.go:184.52,188.3 3 0
robot_scheduler/internal/api/handler/device.go:190.2,191.16 2 0
robot_scheduler/internal/api/handler/device.go:191.16,195.3 3 0
robot_scheduler/internal/api/handler/device.go:197.2,197.21 1 0
robot_scheduler/internal/api/handler/operation.go:19.100,23.2 1 0
robot_scheduler/internal/api/handler/operation.go:37.61,40.16 3 0
robot_scheduler/internal/api/handler/operation.go:40.16,44.3 3 0
robot_scheduler/internal/api/handler/operation.go:46.2,49.16 3 0
robot_scheduler/internal/api/handler/operation.go:49.16,53.3 3 0
robot_scheduler/internal/api/handler/operation.go:55.2,55.22 1 0
robot_scheduler/internal/api/handler/operation.go:55.22,59.3 3 0
robot_scheduler/internal/api/handler/operation.go:61.2,61.23 1 0
robot_scheduler/internal/api/handler/operation.go:74.63,78.52 3 0
robot_scheduler/internal/api/handler/operation.go:78.52,82.3 3 0
robot_scheduler/internal/api/handler/operation.go:84.2,85.16 2 0
robot_scheduler/internal/api/handler/operation.go:85.16,89.3 3 0
robot_scheduler/internal/api/handler/operation.go:91.2,91.24 1 0
robot_scheduler/internal/api/handler/pcd_handler.go:20.76,24.2 1 0
robot_scheduler/internal/api/handler/pcd_handler.go:38.60,42.47 3 0
robot_scheduler/internal/api/handler/pcd_handler.go:42.47,46.3 3 0
robot_scheduler/internal/api/handler/pcd_handler.go:49.2,53.16 4 0
robot_scheduler/internal/api/handler/pcd_handler.go:53.16,57.3 3 0
robot_scheduler/internal/api/handler/pcd_handler.go:59.2,59.18 1 0
robot_scheduler/internal/api/handler/pcd_handler.go:74.56,78.47 3 0
robot_scheduler/internal/api/handler/pcd_handler.go:78.47,82.3 3 0
robot_scheduler/internal/api/handler/pcd_handler.go:84.2,85.16 2 0
robot_scheduler/internal/api/handler/pcd_handler.go:85.16,89.3 3 0
robot_scheduler/internal/api/handler/pcd_handler.go:91.2,91.18 1 0
robot_scheduler/internal/api/handler/pcd_handler.go:107.53,110.16 3 0
robot_scheduler/internal/api/handler/pcd_handler.go:110.16,114.3 3 0
robot_scheduler/internal/api/handler/pcd_handler.go:116.2,119.16 3 0
robot_scheduler/internal/api/handler/pcd_handler.go:119.16,123.3 3 0
robot_scheduler/internal/api/handler/pcd_handler.go:125.2,125.17 1 0
robot_scheduler/internal/api/handler/pcd_handler.go:125.17,129.3 3 0
robot_scheduler/internal/api/handler/pcd_handler.go:131.2,131.18 1 0
robot_scheduler/internal/api/handler/pcd_handler.go:148.56,151.16 3 0
robot_scheduler/internal/api/handler/pcd_handler.go:151.16,155.3 3 0
robot_scheduler/internal/api/handler/pcd_handler.go:157.2,158.47 2 0
robot_scheduler/internal/api/handler/pcd_handler.go:158.47,162.3 3 0
robot_scheduler/internal/api/handler/pcd_handler.go:164.2,166.88 2 0
robot_scheduler/internal/api/handler/pcd_handler.go:166.88,170.3 3 0
robot_scheduler/internal/api/handler/pcd_handler.go:172.2,172.46 1 0
robot_scheduler/internal/api/handler/pcd_handler.go:187.56,190.16 3 0
robot_scheduler/internal/api/handler/pcd_handler.go:190.16,194.3 3 0
robot_scheduler/internal/api/handler/pcd_handler.go:196.2,198.82 2 0
robot_scheduler/internal/api/handler/pcd_handler.go:198.82,202.3 3 0
robot_scheduler/internal/api/handler/pcd_handler.go:204.2,204.46 1 0
robot_scheduler/internal/api/handler/pcd_handler.go:217.55,221.52 3 0
robot_scheduler/internal/api/handler/pcd_handler.go:221.52,225.3 3 0
robot_scheduler/internal/api/handler/pcd_handler.go:227.2,228.16 2 0
robot_scheduler/internal/api/handler/pcd_handler.go:228.16,232.3 3 0
robot_scheduler/internal/api/handler/pcd_handler.go:234.2,234.19 1 0
robot_scheduler/internal/api/handler/semantic.go:19.93,23.2 1 0
robot_scheduler/internal/api/handler/semantic.go:37.64,41.47 3 0
robot_scheduler/internal/api/handler/semantic.go:41.47,45.3 3 0
robot_scheduler/internal/api/handler/semantic.go:47.2,48.16 2 0
robot_scheduler/internal/api/handler/semantic.go:48.16,52.3 3 0
robot_scheduler/internal/api/handler/semantic.go:54.2,54.25 1 0
robot_scheduler/internal/api/handler/semantic.go:70.61,73.16 3 0
robot_scheduler/internal/api/handler/semantic.go:73.16,77.3 3 0
robot_scheduler/internal/api/handler/semantic.go:79.2,82.16 3 0
robot_scheduler/internal/api/handler/semantic.go:82.16,86.3 3 0
robot_scheduler/internal/api/handler/semantic.go:88.2,88.24 1 0
robot_scheduler/internal/api/handler/semantic.go:88.24,92.3 3 0
robot_scheduler/internal/api/handler/semantic.go:94.2,94.25 1 0
robot_scheduler/internal/api/handler/semantic.go:111.64,114.16 3 0
robot_scheduler/internal/api/handler/semantic.go:114.16,118.3 3 0
robot_scheduler/internal/api/handler/semantic.go:120.2,121.47 2 0
robot_scheduler/internal/api/handler/semantic.go:121.47,125.3 3 0
robot_scheduler/internal/api/handler/semantic.go:127.2,129.97 2 0
robot_scheduler/internal/api/handler/semantic.go:129.97,133.3 3 0
robot_scheduler/internal/api/handler/semantic.go:135.2,135.46 1 0
robot_scheduler/internal/api/handler/semantic.go:150.64,153.16 3 0
robot_scheduler/internal/api/handler/semantic.go:153.16,157.3 3 0
robot_scheduler/internal/api/handler/semantic.go:159.2,161.91 2 0
robot_scheduler/internal/api/handler/semantic.go:161.91,165.3 3 0
robot_scheduler/internal/api/handler/semantic.go:167.2,167.46 1 0
robot_scheduler/internal/api/handler/semantic.go:180.63,184.52 3 0
robot_scheduler/internal/api/handler/semantic.go:184.52,188.3 3 0
robot_scheduler/internal/api/handler/semantic.go:190.2,191.16 2 0
robot_scheduler/internal/api/handler/semantic.go:191.16,195.3 3 0
robot_scheduler/internal/api/handler/semantic.go:197.2,197.26 1 0
robot_scheduler/internal/api/handler/task.go:19.68,23.2 1 0
robot_scheduler/internal/api/handler/task.go:37.50,41.47 3 0
robot_scheduler/internal/api/handler/task.go:41.47,45.3 3 0
robot_scheduler/internal/api/handler/task.go:47.2,48.16 2 0
robot_scheduler/internal/api/handler/task.go:48.16,52.3 3 0
robot_scheduler/internal/api/handler/task.go:54.2,54.18 1 0
robot_scheduler/internal/api/handler/task.go:70.47,73.16 3 0
robot_scheduler/internal/api/handler/task.go:73.16,77.3 3 0
robot_scheduler/internal/api/handler/task.go:79.2,82.16 3 0
robot_scheduler/internal/api/handler/task.go:82.16,86.3 3 0
robot_scheduler/internal/api/handler/task.go:88.2,88.17 1 0
robot_scheduler/internal/api/handler/task.go:88.17,92.3 3 0
robot_scheduler/internal/api/handler/task.go:94.2,94.18 1 0
robot_scheduler/internal/api/handler/task.go:111.50,114.16 3 0
robot_scheduler/internal/api/handler/task.go:114.16,118.3 3 0
robot_scheduler/internal/api/handler/task.go:120.2,121.47 2 0
robot_scheduler/internal/api/handler/task.go:121.47,125.3 3 0
robot_scheduler/internal/api/handler/task.go:127.2,129.86 2 0
robot_scheduler/internal/api/handler/task.go:129.86,133.3 3 0
robot_scheduler/internal/api/handler/task.go:135.2,135.46 1 0
robot_scheduler/internal/api/handler/task.go:150.50,153.16 3 0
robot_scheduler/internal/api/handler/task.go:153.16,157.3 3 0
robot_scheduler/internal/api/handler/task.go:159.2,161.80 2 0
robot_scheduler/internal/api/handler/task.go:161.80,165.3 3 0
robot_scheduler/internal/api/handler/task.go:167.2,167.46 1 0
robot_scheduler/internal/api/handler/task.go:180.49,184.52 3 0
robot_scheduler/internal/api/handler/task.go:184.52,188.3 3 0
robot_scheduler/internal/api/handler/task.go:190.2,191.16 2 0
robot_scheduler/internal/api/handler/task.go:191.16,195.3 3 0
robot_scheduler/internal/api/handler/task.go:197.2,197.19 1 0
robot_scheduler/internal/api/handler/user_handler.go:21.88,26.2 1 0
robot_scheduler/internal/api/handler/user_handler.go:39.50,43.47 3 0
robot_scheduler/internal/api/handler/user_handler.go:43.47,47.3 3 0
robot_scheduler/internal/api/handler/user_handler.go:49.2,50.50 2 0
robot_scheduler/internal/api/handler/user_handler.go:50.50,54.3 3 0
robot_scheduler/internal/api/handler/user_handler.go:56.2,57.16 2 0
robot_scheduler/internal/api/handler/user_handler.go:57.16,61.3 3 0
robot_scheduler/internal/api/handler/user_handler.go:63.2,63.18 1 0
robot_scheduler/internal/api/handler/user_handler.go:78.47,81.16 3 0
robot_scheduler/internal/api/handler/user_handler.go:81.16,85.3 3 0
robot_scheduler/internal/api/handler/user_handler.go:87.2,90.16 3 0
robot_scheduler/internal/api/handler/user_handler.go:90.16,94.3 3 0
robot_scheduler/internal/api/handler/user_handler.go:96.2,96.17 1 0
robot_scheduler/internal/api/handler/user_handler.go:96.17,100.3 3 0
robot_scheduler/internal/api/handler/user_handler.go:102.2,102.18 1 0
robot_scheduler/internal/api/handler/user_handler.go:118.50,121.16 3 0
robot_scheduler/internal/api/handler/user_handler.go:121.16,125.3 3 0
robot_scheduler/internal/api/handler/user_handler.go:127.2,128.47 2 0
robot_scheduler/internal/api/handler/user_handler.go:128.47,132.3 3 0
robot_scheduler/internal/api/handler/user_handler.go:134.2,135.50 2 0
robot_scheduler/internal/api/handler/user_handler.go:135.50,139.3 3 0
robot_scheduler/internal/api/handler/user_handler.go:141.2,143.105 2 0
robot_scheduler/internal/api/handler/user_handler.go:143.105,147.3 3 0
robot_scheduler/internal/api/handler/user_handler.go:149.2,149.46 1 0
robot_scheduler/internal/api/handler/user_handler.go:163.50,166.16 3 0
robot_scheduler/internal/api/handler/user_handler.go:166.16,170.3 3 0
robot_scheduler/internal/api/handler/user_handler.go:172.2,174.80 2 0
robot_scheduler/internal/api/handler/user_handler.go:174.80,178.3 3 0
robot_scheduler/internal/api/handler/user_handler.go:180.2,180.46 1 0
robot_scheduler/internal/api/handler/user_handler.go:192.49,196.52 3 0
robot_scheduler/internal/api/handler/user_handler.go:196.52,200.3 3 0
robot_scheduler/internal/api/handler/user_handler.go:202.2,203.16 2 0
robot_scheduler/internal/api/handler/user_handler.go:203.16,207.3 3 0
robot_scheduler/internal/api/handler/user_handler.go:209.2,209.19 1 0
robot_scheduler/internal/api/handler/user_handler.go:223.45,227.47 3 0
robot_scheduler/internal/api/handler/user_handler.go:227.47,231.3 3 0
robot_scheduler/internal/api/handler/user_handler.go:234.2,235.23 2 0
robot_scheduler/internal/api/handler/user_handler.go:235.23,239.3 3 0
robot_scheduler/internal/api/handler/user_handler.go:242.2,250.16 2 0
robot_scheduler/internal/api/handler/user_handler.go:250.16,254.3 3 0
robot_scheduler/internal/api/handler/user_handler.go:256.2,256.22 1 0
robot_scheduler/internal/api/handler/user_handler.go:268.46,271.66 2 0
robot_scheduler/internal/api/handler/user_handler.go:271.66,275.3 3 0
robot_scheduler/internal/api/handler/user_handler.go:277.2,277.46 1 0
robot_scheduler/docs/docs.go:1971.13,1973.2 1 0
robot_scheduler/internal/config/config.go:85.36,90.45 4 0
robot_scheduler/internal/config/config.go:90.45,92.3 1 0
robot_scheduler/internal/config/config.go:94.2,94.46 1 0
robot_scheduler/internal/config/config.go:94.46,96.3 1 0
robot_scheduler/internal/config/config.go:98.2,98.12 1 0
robot_scheduler/internal/config/config.go:101.20,103.2 1 0
robot_scheduler/cmd/main.go:34.13,37.22 2 0
robot_scheduler/cmd/main.go:37.22,39.3 1 0
robot_scheduler/cmd/main.go:41.2,41.45 1 0
robot_scheduler/cmd/main.go:41.45,42.55 1 0
robot_scheduler/cmd/main.go:45.2,48.45 2 0
robot_scheduler/cmd/main.go:48.45,49.55 1 0
robot_scheduler/cmd/main.go:51.2,59.43 3 0
robot_scheduler/cmd/main.go:59.43,61.3 1 0
robot_scheduler/cmd/main.go:64.2,64.44 1 0
robot_scheduler/cmd/main.go:64.44,67.3 1 0
robot_scheduler/cmd/main.go:70.2,70.43 1 0
robot_scheduler/cmd/main.go:70.43,71.54 1 0
robot_scheduler/cmd/main.go:71.54,73.4 1 0
robot_scheduler/cmd/main.go:77.2,83.12 4 0
robot_scheduler/cmd/main.go:83.12,85.71 2 0
robot_scheduler/cmd/main.go:85.71,87.4 1 0
robot_scheduler/cmd/main.go:90.2,96.45 5 0
robot_scheduler/cmd/main.go:96.45,98.3 1 0
robot_scheduler/cmd/main.go:100.2,100.30 1 0
robot_scheduler/cmd/main.go:104.47,106.21 1 0
robot_scheduler/cmd/main.go:106.21,108.3 1 0
robot_scheduler/cmd/main.go:110.2,110.27 1 0
robot_scheduler/cmd/main.go:110.27,112.3 1 0
robot_scheduler/cmd/main.go:115.2,120.57 4 0
robot_scheduler/internal/api/server.go:25.44,27.31 1 0
robot_scheduler/internal/api/server.go:27.31,29.3 1 0
robot_scheduler/internal/api/server.go:32.2,43.31 6 0
robot_scheduler/internal/api/server.go:43.31,45.3 1 0
robot_scheduler/internal/api/server.go:49.2,60.3 2 0
robot_scheduler/internal/api/server.go:63.32,66.2 2 0
robot_scheduler/internal/api/server.go:68.54,70.2 1 0
robot_scheduler/internal/api/middleware/middleware.go:28.33,29.72 1 0
robot_scheduler/internal/api/middleware/middleware.go:29.72,30.40 1 0
robot_scheduler/internal/api/middleware/middleware.go:30.40,35.4 1 0
robot_scheduler/internal/api/middleware/middleware.go:36.3,39.5 1 0
robot_scheduler/internal/api/middleware/middleware.go:44.31,45.30 1 0
robot_scheduler/internal/api/middleware/middleware.go:45.30,64.3 6 0
robot_scheduler/internal/api/middleware/middleware.go:68.29,69.30 1 0
robot_scheduler/internal/api/middleware/middleware.go:69.30,75.36 5 0
robot_scheduler/internal/api/middleware/middleware.go:75.36,78.4 2 0
robot_scheduler/internal/api/middleware/middleware.go:80.3,80.11 1 0
robot_scheduler/internal/api/middleware/middleware.go:85.48,86.30 1 0
robot_scheduler/internal/api/middleware/middleware.go:86.30,89.23 2 0
robot_scheduler/internal/api/middleware/middleware.go:89.23,96.4 3 0
robot_scheduler/internal/api/middleware/middleware.go:99.3,100.46 2 0
robot_scheduler/internal/api/middleware/middleware.go:100.46,107.4 3 0
robot_scheduler/internal/api/middleware/middleware.go:109.3,113.17 3 0
robot_scheduler/internal/api/middleware/middleware.go:113.17,120.4 3 0
robot_scheduler/internal/api/middleware/middleware.go:123.3,127.11 4 0
robot_scheduler/internal/api/middleware/middleware.go:133.63,134.30 1 0
robot_scheduler/internal/api/middleware/middleware.go:134.30,137.14 2 0
robot_scheduler/internal/api/middleware/middleware.go:137.14,144.4 3 0
robot_scheduler/internal/api/middleware/middleware.go:146.3,147.10 2 0
robot_scheduler/internal/api/middleware/middleware.go:147.10,154.4 3 0
robot_scheduler/internal/api/middleware/middleware.go:157.3,157.52 1 0
robot_scheduler/internal/api/middleware/middleware.go:157.52,168.4 3 0
robot_scheduler/internal/api/middleware/middleware.go:170.3,170.11 1 0
robot_scheduler/internal/minio_client/minio.go:13.42,14.32 1 2
robot_scheduler/internal/minio_client/minio.go:14.32,16.3 1 0
robot_scheduler/internal/minio_client/minio.go:18.2,22.16 2 2
robot_scheduler/internal/minio_client/minio.go:22.16,24.3 1 0
robot_scheduler/internal/minio_client/minio.go:26.2,27.12 2 2
robot_scheduler/internal/minio_client/minio.go:31.29,33.2 1 2
robot_scheduler/internal/dao/device.go:19.46,21.2 1 5
robot_scheduler/internal/dao/device.go:23.82,26.67 2 0
robot_scheduler/internal/dao/device.go:26.67,29.3 2 0
robot_scheduler/internal/dao/device.go:31.2,32.12 2 0
robot_scheduler/internal/dao/device.go:35.82,39.37 3 1
robot_scheduler/internal/dao/device.go:39.37,42.3 2 0
robot_scheduler/internal/dao/device.go:44.2,44.30 1 1
robot_scheduler/internal/dao/device.go:44.30,47.3 2 0
robot_scheduler/internal/dao/device.go:49.2,50.12 2 1
robot_scheduler/internal/dao/device.go:53.68,57.37 3 1
robot_scheduler/internal/dao/device.go:57.37,60.3 2 0
robot_scheduler/internal/dao/device.go:62.2,62.30 1 1
robot_scheduler/internal/dao/device.go:62.30,65.3 2 0
robot_scheduler/internal/dao/device.go:67.2,68.12 2 1
robot_scheduler/internal/dao/device.go:71.88,76.16 4 3
robot_scheduler/internal/dao/device.go:76.16,77.45 1 1
robot_scheduler/internal/dao/device.go:77.45,80.4 2 1
robot_scheduler/internal/dao/device.go:81.3,82.18 2 0
robot_scheduler/internal/dao/device.go:85.2,86.21 2 2
robot_scheduler/internal/dao/device.go:89.80,94.16 4 1
robot_scheduler/internal/dao/device.go:94.16,97.3 2 0
robot_scheduler/internal/dao/device.go:99.2,100.21 2 1
robot_scheduler/internal/dao/device.go:104.107,114.47 4 1
robot_scheduler/internal/dao/device.go:114.47,117.3 2 0
robot_scheduler/internal/dao/device.go:119.2,119.16 1 1
robot_scheduler/internal/dao/device.go:119.16,121.3 1 0
robot_scheduler/internal/dao/device.go:123.2,123.76 1 1
robot_scheduler/internal/dao/device.go:123.76,126.3 2 0
robot_scheduler/internal/dao/device.go:128.2,129.28 2 1
robot_scheduler/internal/dao/pcd_file.go:19.48,21.2 1 6
robot_scheduler/internal/dao/pcd_file.go:23.82,26.65 2 0
robot_scheduler/internal/dao/pcd_file.go:26.65,29.3 2 0
robot_scheduler/internal/dao/pcd_file.go:31.2,32.12 2 0
robot_scheduler/internal/dao/pcd_file.go:35.82,39.37 3 1
robot_scheduler/internal/dao/pcd_file.go:39.37,42.3 2 0
robot_scheduler/internal/dao/pcd_file.go:44.2,44.30 1 1
robot_scheduler/internal/dao/pcd_file.go:44.30,47.3 2 0
robot_scheduler/internal/dao/pcd_file.go:49.2,50.12 2 1
robot_scheduler/internal/dao/pcd_file.go:53.69,57.37 3 1
robot_scheduler/internal/dao/pcd_file.go:57.37,60.3 2 0
robot_scheduler/internal/dao/pcd_file.go:62.2,62.30 1 1
robot_scheduler/internal/dao/pcd_file.go:62.30,65.3 2 0
robot_scheduler/internal/dao/pcd_file.go:67.2,68.12 2 1
robot_scheduler/internal/dao/pcd_file.go:71.90,76.16 4 3
robot_scheduler/internal/dao/pcd_file.go:76.16,77.45 1 1
robot_scheduler/internal/dao/pcd_file.go:77.45,80.4 2 1
robot_scheduler/internal/dao/pcd_file.go:81.3,82.18 2 0
robot_scheduler/internal/dao/pcd_file.go:85.2,86.19 2 2
robot_scheduler/internal/dao/pcd_file.go:89.82,94.16 4 1
robot_scheduler/internal/dao/pcd_file.go:94.16,97.3 2 0
robot_scheduler/internal/dao/pcd_file.go:99.2,100.19 2 1
robot_scheduler/internal/dao/pcd_file.go:104.96,109.16 4 1
robot_scheduler/internal/dao/pcd_file.go:109.16,110.45 1 0
robot_scheduler/internal/dao/pcd_file.go:110.45,113.4 2 0
robot_scheduler/internal/dao/pcd_file.go:114.3,115.18 2 0
robot_scheduler/internal/dao/pcd_file.go:118.2,119.19 2 1
robot_scheduler/internal/dao/pcd_file.go:123.109,133.47 4 1
robot_scheduler/internal/dao/pcd_file.go:133.47,136.3 2 0
robot_scheduler/internal/dao/pcd_file.go:138.2,138.16 1 1
robot_scheduler/internal/dao/pcd_file.go:138.16,140.3 1 0
robot_scheduler/internal/dao/pcd_file.go:142.2,142.74 1 1
robot_scheduler/internal/dao/pcd_file.go:142.74,145.3 2 0
robot_scheduler/internal/dao/pcd_file.go:147.2,148.26 2 1
robot_scheduler/internal/dao/semantic.go:19.56,21.2 1 5
robot_scheduler/internal/dao/semantic.go:23.97,26.72 2 0
robot_scheduler/internal/dao/semantic.go:26.72,29.3 2 0
robot_scheduler/internal/dao/semantic.go:31.2,32.12 2 0
robot_scheduler/internal/dao/semantic.go:35.97,39.37 3 1
robot_scheduler/internal/dao/semantic.go:39.37,42.3 2 0
robot_scheduler/internal/dao/semantic.go:44.2,44.30 1 1
robot_scheduler/internal/dao/semantic.go:44.30,47.3 2 0
robot_scheduler/internal/dao/semantic.go:49.2,50.12 2 1
robot_scheduler/internal/dao/semantic.go:53.73,57.37 3 1
robot_scheduler/internal/dao/semantic.go:57.37,60.3 2 0
robot_scheduler/internal/dao/semantic.go:62.2,62.30 1 1
robot_scheduler/internal/dao/semantic.go:62.30,65.3 2 0
robot_scheduler/internal/dao/semantic.go:67.2,68.12 2 1
robot_scheduler/internal/dao/semantic.go:71.98,76.16 4 3
robot_scheduler/internal/dao/semantic.go:76.16,77.45 1 1
robot_scheduler/internal/dao/semantic.go:77.45,80.4 2 1
robot_scheduler/internal/dao/semantic.go:81.3,82.18 2 0
robot_scheduler/internal/dao/semantic.go:85.2,86.26 2 2
robot_scheduler/internal/dao/semantic.go:89.90,94.16 4 1
robot_scheduler/internal/dao/semantic.go:94.16,97.3 2 0
robot_scheduler/internal/dao/semantic.go:99.2,100.26 2 1
robot_scheduler/internal/dao/semantic.go:104.117,114.47 4 1
robot_scheduler/internal/dao/semantic.go:114.47,117.3 2 0
robot_scheduler/internal/dao/semantic.go:119.2,119.16 1 1
robot_scheduler/internal/dao/semantic.go:119.16,121.3 1 0
robot_scheduler/internal/dao/semantic.go:123.2,123.81 1 1
robot_scheduler/internal/dao/semantic.go:123.81,126.3 2 0
robot_scheduler/internal/dao/semantic.go:128.2,129.33 2 1
robot_scheduler/internal/dao/task.go:19.42,21.2 1 5
robot_scheduler/internal/dao/task.go:23.76,26.65 2 0
robot_scheduler/internal/dao/task.go:26.65,29.3 2 0
robot_scheduler/internal/dao/task.go:31.2,32.12 2 0
robot_scheduler/internal/dao/task.go:35.76,39.37 3 1
robot_scheduler/internal/dao/task.go:39.37,42.3 2 0
robot_scheduler/internal/dao/task.go:44.2,44.30 1 1
robot_scheduler/internal/dao/task.go:44.30,47.3 2 0
robot_scheduler/internal/dao/task.go:49.2,50.12 2 1
robot_scheduler/internal/dao/task.go:53.66,57.37 3 1
robot_scheduler/internal/dao/task.go:57.37,60.3 2 0
robot_scheduler/internal/dao/task.go:62.2,62.30 1 1
robot_scheduler/internal/dao/task.go:62.30,65.3 2 0
robot_scheduler/internal/dao/task.go:67.2,68.12 2 1
robot_scheduler/internal/dao/task.go:71.84,76.16 4 3
robot_scheduler/internal/dao/task.go:76.16,77.45 1 1
robot_scheduler/internal/dao/task.go:77.45,80.4 2 1
robot_scheduler/internal/dao/task.go:81.3,82.18 2 0
robot_scheduler/internal/dao/task.go:85.2,86.19 2 2
robot_scheduler/internal/dao/task.go:89.76,94.16 4 1
robot_scheduler/internal/dao/task.go:94.16,97.3 2 0
robot_scheduler/internal/dao/task.go:99.2,100.19 2 1
robot_scheduler/internal/dao/task.go:104.103,114.47 4 1
robot_scheduler/internal/dao/task.go:114.47,117.3 2 0
robot_scheduler/internal/dao/task.go:119.2,119.16 1 1
robot_scheduler/internal/dao/task.go:119.16,121.3 1 0
robot_scheduler/internal/dao/task.go:123.2,123.74 1 1
robot_scheduler/internal/dao/task.go:123.74,126.3 2 0
robot_scheduler/internal/dao/task.go:128.2,129.26 2 1
robot_scheduler/internal/dao/user.go:19.42,21.2 1 8
robot_scheduler/internal/dao/user.go:23.80,26.65 2 1
robot_scheduler/internal/dao/user.go:26.65,29.3 2 0
robot_scheduler/internal/dao/user.go:31.2,32.12 2 1
robot_scheduler/internal/dao/user.go:35.80,39.37 3 1
robot_scheduler/internal/dao/user.go:39.37,42.3 2 0
robot_scheduler/internal/dao/user.go:44.2,44.30 1 1
robot_scheduler/internal/dao/user.go:44.30,47.3 2 0
robot_scheduler/internal/dao/user.go:49.2,50.12 2 1
robot_scheduler/internal/dao/user.go:53.66,57.37 3 1
robot_scheduler/internal/dao/user.go:57.37,60.3 2 0
robot_scheduler/internal/dao/user.go:62.2,62.30 1 1
robot_scheduler/internal/dao/user.go:62.30,65.3 2 0
robot_scheduler/internal/dao/user.go:67.2,68.12 2 1
robot_scheduler/internal/dao/user.go:71.88,76.16 4 5
robot_scheduler/internal/dao/user.go:76.16,77.45 1 2
robot_scheduler/internal/dao/user.go:77.45,80.4 2 2
robot_scheduler/internal/dao/user.go:81.3,82.18 2 0
robot_scheduler/internal/dao/user.go:85.2,86.19 2 3
robot_scheduler/internal/dao/user.go:89.80,94.16 4 1
robot_scheduler/internal/dao/user.go:94.16,97.3 2 0
robot_scheduler/internal/dao/user.go:99.2,100.19 2 1
robot_scheduler/internal/dao/user.go:104.107,114.47 4 2
robot_scheduler/internal/dao/user.go:114.47,117.3 2 0
robot_scheduler/internal/dao/user.go:119.2,119.16 1 2
robot_scheduler/internal/dao/user.go:119.16,121.3 1 0
robot_scheduler/internal/dao/user.go:123.2,123.74 1 2
robot_scheduler/internal/dao/user.go:123.74,126.3 2 0
robot_scheduler/internal/dao/user.go:128.2,129.26 2 2
robot_scheduler/internal/dao/user.go:132.102,137.16 4 1
robot_scheduler/internal/dao/user.go:137.16,138.45 1 0
robot_scheduler/internal/dao/user.go:138.45,141.4 2 0
robot_scheduler/internal/dao/user.go:142.3,143.18 2 0
robot_scheduler/internal/dao/user.go:146.2,147.19 2 1
robot_scheduler/internal/dao/user_operation.go:19.60,21.2 1 5
robot_scheduler/internal/dao/user_operation.go:23.99,26.70 2 0
robot_scheduler/internal/dao/user_operation.go:26.70,29.3 2 0
robot_scheduler/internal/dao/user_operation.go:31.2,32.12 2 0
robot_scheduler/internal/dao/user_operation.go:35.99,39.37 3 1
robot_scheduler/internal/dao/user_operation.go:39.37,42.3 2 0
robot_scheduler/internal/dao/user_operation.go:44.2,44.30 1 1
robot_scheduler/internal/dao/user_operation.go:44.30,47.3 2 0
robot_scheduler/internal/dao/user_operation.go:49.2,50.12 2 1
robot_scheduler/internal/dao/user_operation.go:53.75,57.37 3 1
robot_scheduler/internal/dao/user_operation.go:57.37,60.3 2 0
robot_scheduler/internal/dao/user_operation.go:62.2,62.30 1 1
robot_scheduler/internal/dao/user_operation.go:62.30,65.3 2 0
robot_scheduler/internal/dao/user_operation.go:67.2,68.12 2 1
robot_scheduler/internal/dao/user_operation.go:71.102,76.16 4 3
robot_scheduler/internal/dao/user_operation.go:76.16,77.45 1 1
robot_scheduler/internal/dao/user_operation.go:77.45,80.4 2 1
robot_scheduler/internal/dao/user_operation.go:81.3,82.18 2 0
robot_scheduler/internal/dao/user_operation.go:85.2,86.24 2 2
robot_scheduler/internal/dao/user_operation.go:89.94,94.16 4 1
robot_scheduler/internal/dao/user_operation.go:94.16,97.3 2 0
robot_scheduler/internal/dao/user_operation.go:99.2,100.24 2 1
robot_scheduler/internal/dao/user_operation.go:104.121,114.47 4 1
robot_scheduler/internal/dao/user_operation.go:114.47,117.3 2 0
robot_scheduler/internal/dao/user_operation.go:119.2,119.16 1 1
robot_scheduler/internal/dao/user_operation.go:119.16,121.3 1 0
robot_scheduler/internal/dao/user_operation.go:123.2,123.105 1 1
robot_scheduler/internal/dao/user_operation.go:123.105,126.3 2 0
robot_scheduler/internal/dao/user_operation.go:128.2,129.31 2 1
robot_scheduler/internal/api/router/router.go:19.58,57.45 21 0
robot_scheduler/internal/api/router/router.go:57.45,64.3 1 0
robot_scheduler/internal/api/router/router.go:67.2,68.2 2 0
robot_scheduler/internal/api/router/router.go:68.2,71.54 2 0
robot_scheduler/internal/api/router/router.go:71.54,72.38 1 0
robot_scheduler/internal/api/router/router.go:76.3,77.3 2 0
robot_scheduler/internal/api/router/router.go:77.3,79.4 1 0
robot_scheduler/internal/api/router/router.go:82.3,84.3 3 0
robot_scheduler/internal/api/router/router.go:84.3,87.4 2 0
robot_scheduler/internal/api/router/router.go:87.4,89.5 1 0
robot_scheduler/internal/api/router/router.go:92.4,93.4 2 0
robot_scheduler/internal/api/router/router.go:93.4,101.5 5 0
robot_scheduler/internal/api/router/router.go:104.4,105.4 2 0
robot_scheduler/internal/api/router/router.go:105.4,108.5 2 0
robot_scheduler/internal/api/router/router.go:108.5,117.6 6 0
robot_scheduler/internal/api/router/router.go:120.5,121.5 2 0
robot_scheduler/internal/api/router/router.go:121.5,129.6 5 0
robot_scheduler/internal/api/router/router.go:133.4,134.4 2 0
robot_scheduler/internal/api/router/router.go:134.4,142.5 5 0
robot_scheduler/internal/api/router/router.go:145.4,146.4 2 0
robot_scheduler/internal/api/router/router.go:146.4,154.5 5 0
robot_scheduler/internal/api/router/router.go:157.4,159.4 3 0
robot_scheduler/internal/api/router/router.go:159.4,162.5 2 0
robot_scheduler/internal/utils/crypto.go:11.56,14.24 2 9
robot_scheduler/internal/utils/crypto.go:14.24,16.3 1 3
robot_scheduler/internal/utils/crypto.go:19.2,20.16 2 6
robot_scheduler/internal/utils/crypto.go:20.16,22.3 1 0
robot_scheduler/internal/utils/crypto.go:25.2,37.59 7 6
robot_scheduler/internal/utils/crypto.go:41.57,44.24 2 7
robot_scheduler/internal/utils/crypto.go:44.24,46.3 1 1
robot_scheduler/internal/utils/crypto.go:49.2,50.16 2 6
robot_scheduler/internal/utils/crypto.go:50.16,52.3 1 1
robot_scheduler/internal/utils/crypto.go:55.2,56.16 2 5
robot_scheduler/internal/utils/crypto.go:56.16,58.3 1 0
robot_scheduler/internal/utils/crypto.go:61.2,71.31 6 5
robot_scheduler/internal/utils/crypto.go:75.54,78.25 3 9
robot_scheduler/internal/utils/crypto.go:78.25,80.3 1 56
robot_scheduler/internal/utils/crypto.go:81.2,81.33 1 9
robot_scheduler/internal/utils/crypto.go:85.41,87.17 2 8
robot_scheduler/internal/utils/crypto.go:87.17,89.3 1 1
robot_scheduler/internal/utils/crypto.go:90.2,91.24 2 7
robot_scheduler/internal/utils/crypto.go:91.24,93.3 1 0
robot_scheduler/internal/utils/crypto.go:94.2,94.36 1 7
robot_scheduler/internal/utils/jwt.go:20.120,41.16 5 3
robot_scheduler/internal/utils/jwt.go:41.16,43.3 1 0
robot_scheduler/internal/utils/jwt.go:45.2,45.25 1 3
robot_scheduler/internal/utils/jwt.go:49.65,51.104 1 5
robot_scheduler/internal/utils/jwt.go:51.104,53.58 1 3
robot_scheduler/internal/utils/jwt.go:53.58,55.4 1 0
robot_scheduler/internal/utils/jwt.go:56.3,56.29 1 3
robot_scheduler/internal/utils/jwt.go:59.2,59.16 1 5
robot_scheduler/internal/utils/jwt.go:59.16,61.3 1 4
robot_scheduler/internal/utils/jwt.go:64.2,64.61 1 1
robot_scheduler/internal/utils/jwt.go:64.61,66.3 1 1
robot_scheduler/internal/utils/jwt.go:68.2,68.41 1 0
robot_scheduler/internal/utils/permissions.go:19.56,20.14 1 14
robot_scheduler/internal/utils/permissions.go:21.32,33.4 1 3
robot_scheduler/internal/utils/permissions.go:34.26,45.4 1 3
robot_scheduler/internal/utils/permissions.go:46.27,56.4 1 1
robot_scheduler/internal/utils/permissions.go:57.23,65.4 1 6
robot_scheduler/internal/utils/permissions.go:66.10,67.20 1 1
robot_scheduler/internal/utils/permissions.go:72.66,74.32 2 4
robot_scheduler/internal/utils/permissions.go:74.32,75.22 1 15
robot_scheduler/internal/utils/permissions.go:75.22,77.4 1 2
robot_scheduler/internal/utils/permissions.go:79.2,79.14 1 2
robot_scheduler/internal/utils/permissions.go:83.81,84.35 1 3
robot_scheduler/internal/utils/permissions.go:84.35,86.3 1 1
robot_scheduler/internal/utils/permissions.go:88.2,90.36 3 2
robot_scheduler/internal/utils/permissions.go:90.36,92.3 1 10
robot_scheduler/internal/utils/permissions.go:94.2,94.47 1 2
robot_scheduler/internal/utils/permissions.go:94.47,95.30 1 3
robot_scheduler/internal/utils/permissions.go:95.30,97.4 1 1
robot_scheduler/internal/utils/permissions.go:100.2,100.14 1 1
robot_scheduler/internal/utils/permissions.go:104.82,105.35 1 4
robot_scheduler/internal/utils/permissions.go:105.35,107.3 1 1
robot_scheduler/internal/utils/permissions.go:109.2,111.36 3 3
robot_scheduler/internal/utils/permissions.go:111.36,113.3 1 22
robot_scheduler/internal/utils/permissions.go:115.2,115.47 1 3
robot_scheduler/internal/utils/permissions.go:115.47,116.31 1 6
robot_scheduler/internal/utils/permissions.go:116.31,118.4 1 2
robot_scheduler/internal/utils/permissions.go:121.2,121.13 1 1
robot_scheduler/internal/service/device.go:19.63,23.2 1 0
robot_scheduler/internal/service/device.go:26.118,42.56 3 0
robot_scheduler/internal/service/device.go:42.56,45.3 2 0
robot_scheduler/internal/service/device.go:47.2,48.53 2 0
robot_scheduler/internal/service/device.go:52.104,57.16 3 0
robot_scheduler/internal/service/device.go:57.16,60.3 2 0
robot_scheduler/internal/service/device.go:62.2,62.19 1 0
robot_scheduler/internal/service/device.go:62.19,65.3 2 0
robot_scheduler/internal/service/device.go:68.2,68.21 1 0
robot_scheduler/internal/service/device.go:68.21,70.3 1 0
robot_scheduler/internal/service/device.go:71.2,71.24 1 0
robot_scheduler/internal/service/device.go:71.24,73.3 1 0
robot_scheduler/internal/service/device.go:74.2,74.19 1 0
robot_scheduler/internal/service/device.go:74.19,76.3 1 0
robot_scheduler/internal/service/device.go:77.2,77.21 1 0
robot_scheduler/internal/service/device.go:77.21,79.3 1 0
robot_scheduler/internal/service/device.go:80.2,80.25 1 0
robot_scheduler/internal/service/device.go:80.25,82.3 1 0
robot_scheduler/internal/service/device.go:83.2,83.25 1 0
robot_scheduler/internal/service/device.go:83.25,85.3 1 0
robot_scheduler/internal/service/device.go:86.2,86.23 1 0
robot_scheduler/internal/service/device.go:86.23,88.3 1 0
robot_scheduler/internal/service/device.go:89.2,89.26 1 0
robot_scheduler/internal/service/device.go:89.26,91.3 1 0
robot_scheduler/internal/service/device.go:94.2,94.56 1 0
robot_scheduler/internal/service/device.go:94.56,97.3 2 0
robot_scheduler/internal/service/device.go:99.2,100.12 2 0
robot_scheduler/internal/service/device.go:104.74,107.2 2 0
robot_scheduler/internal/service/device.go:110.98,113.16 3 0
robot_scheduler/internal/service/device.go:113.16,115.3 1 0
robot_scheduler/internal/service/device.go:116.2,116.19 1 0
robot_scheduler/internal/service/device.go:116.19,118.3 1 0
robot_scheduler/internal/service/device.go:119.2,119.53 1 0
robot_scheduler/internal/service/device.go:123.112,126.19 2 0
robot_scheduler/internal/service/device.go:126.19,128.3 1 0
robot_scheduler/internal/service/device.go:129.2,129.23 1 0
robot_scheduler/internal/service/device.go:129.23,131.3 1 0
robot_scheduler/internal/service/device.go:133.2,136.16 3 0
robot_scheduler/internal/service/device.go:136.16,138.3 1 0
robot_scheduler/internal/service/device.go:140.2,141.22 2 0
robot_scheduler/internal/service/device.go:141.22,143.3 1 0
robot_scheduler/internal/service/device.go:145.2,152.66 2 0
robot_scheduler/internal/service/pcd_file.go:24.63,28.2 1 0
robot_scheduler/internal/service/pcd_file.go:31.122,36.16 3 0
robot_scheduler/internal/service/pcd_file.go:36.16,39.3 2 0
robot_scheduler/internal/service/pcd_file.go:41.2,41.25 1 0
robot_scheduler/internal/service/pcd_file.go:41.25,44.3 2 0
robot_scheduler/internal/service/pcd_file.go:47.2,58.51 2 0
robot_scheduler/internal/service/pcd_file.go:58.51,61.3 2 0
robot_scheduler/internal/service/pcd_file.go:63.2,64.52 2 0
robot_scheduler/internal/service/pcd_file.go:68.107,73.16 3 0
robot_scheduler/internal/service/pcd_file.go:73.16,76.3 2 0
robot_scheduler/internal/service/pcd_file.go:78.2,78.17 1 0
robot_scheduler/internal/service/pcd_file.go:78.17,81.3 2 0
robot_scheduler/internal/service/pcd_file.go:84.2,84.21 1 0
robot_scheduler/internal/service/pcd_file.go:84.21,86.3 1 0
robot_scheduler/internal/service/pcd_file.go:87.2,87.21 1 0
robot_scheduler/internal/service/pcd_file.go:87.21,89.3 1 0
robot_scheduler/internal/service/pcd_file.go:90.2,90.21 1 0
robot_scheduler/internal/service/pcd_file.go:90.21,92.3 1 0
robot_scheduler/internal/service/pcd_file.go:93.2,93.25 1 0
robot_scheduler/internal/service/pcd_file.go:93.25,95.3 1 0
robot_scheduler/internal/service/pcd_file.go:96.2,96.21 1 0
robot_scheduler/internal/service/pcd_file.go:96.21,98.3 1 0
robot_scheduler/internal/service/pcd_file.go:99.2,99.26 1 0
robot_scheduler/internal/service/pcd_file.go:99.26,101.3 1 0
robot_scheduler/internal/service/pcd_file.go:102.2,102.26 1 0
robot_scheduler/internal/service/pcd_file.go:102.26,104.3 1 0
robot_scheduler/internal/service/pcd_file.go:107.2,107.51 1 0
robot_scheduler/internal/service/pcd_file.go:107.51,110.3 2 0
robot_scheduler/internal/service/pcd_file.go:112.2,113.12 2 0
robot_scheduler/internal/service/pcd_file.go:117.76,120.2 2 0
robot_scheduler/internal/service/pcd_file.go:123.101,126.16 3 0
robot_scheduler/internal/service/pcd_file.go:126.16,128.3 1 0
robot_scheduler/internal/service/pcd_file.go:129.2,129.17 1 0
robot_scheduler/internal/service/pcd_file.go:129.17,131.3 1 0
robot_scheduler/internal/service/pcd_file.go:132.2,132.52 1 0
robot_scheduler/internal/service/pcd_file.go:136.115,139.19 2 0
robot_scheduler/internal/service/pcd_file.go:139.19,141.3 1 0
robot_scheduler/internal/service/pcd_file.go:142.2,142.23 1 0
robot_scheduler/internal/service/pcd_file.go:142.23,144.3 1 0
robot_scheduler/internal/service/pcd_file.go:146.2,149.16 3 0
robot_scheduler/internal/service/pcd_file.go:149.16,151.3 1 0
robot_scheduler/internal/service/pcd_file.go:153.2,154.22 2 0
robot_scheduler/internal/service/pcd_file.go:154.22,156.3 1 0
robot_scheduler/internal/service/pcd_file.go:158.2,165.65 2 0
robot_scheduler/internal/service/pcd_file.go:169.161,173.58 3 0
robot_scheduler/internal/service/pcd_file.go:173.58,176.3 2 0
robot_scheduler/internal/service/pcd_file.go:178.2,179.19 2 0
robot_scheduler/internal/service/pcd_file.go:179.19,182.3 2 0
robot_scheduler/internal/service/pcd_file.go:184.2,184.20 1 0
robot_scheduler/internal/service/pcd_file.go:184.20,186.3 1 0
robot_scheduler/internal/service/pcd_file.go:188.2,192.16 4 0
robot_scheduler/internal/service/pcd_file.go:192.16,195.3 2 0
robot_scheduler/internal/service/pcd_file.go:197.2,211.18 3 0
robot_scheduler/internal/service/semantic.go:19.80,23.2 1 0
robot_scheduler/internal/service/semantic.go:26.138,38.63 3 0
robot_scheduler/internal/service/semantic.go:38.63,41.3 2 0
robot_scheduler/internal/service/semantic.go:43.2,44.63 2 0
robot_scheduler/internal/service/semantic.go:48.119,53.16 3 0
robot_scheduler/internal/service/semantic.go:53.16,56.3 2 0
robot_scheduler/internal/service/semantic.go:58.2,58.24 1 0
robot_scheduler/internal/service/semantic.go:58.24,61.3 2 0
robot_scheduler/internal/service/semantic.go:64.2,64.26 1 0
robot_scheduler/internal/service/semantic.go:64.26,66.3 1 0
robot_scheduler/internal/service/semantic.go:67.2,67.25 1 0
robot_scheduler/internal/service/semantic.go:67.25,69.3 1 0
robot_scheduler/internal/service/semantic.go:70.2,70.29 1 0
robot_scheduler/internal/service/semantic.go:70.29,72.3 1 0
robot_scheduler/internal/service/semantic.go:73.2,73.26 1 0
robot_scheduler/internal/service/semantic.go:73.26,75.3 1 0
robot_scheduler/internal/service/semantic.go:78.2,78.63 1 0
robot_scheduler/internal/service/semantic.go:78.63,81.3 2 0
robot_scheduler/internal/service/semantic.go:83.2,84.12 2 0
robot_scheduler/internal/service/semantic.go:88.84,91.2 2 0
robot_scheduler/internal/service/semantic.go:94.113,97.16 3 0
robot_scheduler/internal/service/semantic.go:97.16,99.3 1 0
robot_scheduler/internal/service/semantic.go:100.2,100.24 1 0
robot_scheduler/internal/service/semantic.go:100.24,102.3 1 0
robot_scheduler/internal/service/semantic.go:103.2,103.63 1 0
robot_scheduler/internal/service/semantic.go:107.127,110.19 2 0
robot_scheduler/internal/service/semantic.go:110.19,112.3 1 0
robot_scheduler/internal/service/semantic.go:113.2,113.23 1 0
robot_scheduler/internal/service/semantic.go:113.23,115.3 1 0
robot_scheduler/internal/service/semantic.go:117.2,120.16 3 0
robot_scheduler/internal/service/semantic.go:120.16,122.3 1 0
robot_scheduler/internal/service/semantic.go:124.2,125.22 2 0
robot_scheduler/internal/service/semantic.go:125.22,127.3 1 0
robot_scheduler/internal/service/semantic.go:129.2,136.68 2 0
robot_scheduler/internal/service/task.go:19.55,23.2 1 0
robot_scheduler/internal/service/task.go:26.110,39.52 3 0
robot_scheduler/internal/service/task.go:39.52,42.3 2 0
robot_scheduler/internal/service/task.go:44.2,45.49 2 0
robot_scheduler/internal/service/task.go:49.98,54.16 3 0
robot_scheduler/internal/service/task.go:54.16,57.3 2 0
robot_scheduler/internal/service/task.go:59.2,59.17 1 0
robot_scheduler/internal/service/task.go:59.17,62.3 2 0
robot_scheduler/internal/service/task.go:65.2,65.30 1 0
robot_scheduler/internal/service/task.go:65.30,67.3 1 0
robot_scheduler/internal/service/task.go:68.2,68.25 1 0
robot_scheduler/internal/service/task.go:68.25,70.3 1 0
robot_scheduler/internal/service/task.go:71.2,71.25 1 0
robot_scheduler/internal/service/task.go:71.25,73.3 1 0
robot_scheduler/internal/service/task.go:74.2,74.23 1 0
robot_scheduler/internal/service/task.go:74.23,76.3 1 0
robot_scheduler/internal/service/task.go:77.2,77.26 1 0
robot_scheduler/internal/service/task.go:77.26,79.3 1 0
robot_scheduler/internal/service/task.go:82.2,82.52 1 0
robot_scheduler/internal/service/task.go:82.52,85.3 2 0
robot_scheduler/internal/service/task.go:87.2,88.12 2 0
robot_scheduler/internal/service/task.go:92.70,95.2 2 0
robot_scheduler/internal/service/task.go:98.92,101.16 3 0
robot_scheduler/internal/service/task.go:101.16,103.3 1 0
robot_scheduler/internal/service/task.go:104.2,104.17 1 0
robot_scheduler/internal/service/task.go:104.17,106.3 1 0
robot_scheduler/internal/service/task.go:107.2,107.49 1 0
robot_scheduler/internal/service/task.go:111.106,114.19 2 0
robot_scheduler/internal/service/task.go:114.19,116.3 1 0
robot_scheduler/internal/service/task.go:117.2,117.23 1 0
robot_scheduler/internal/service/task.go:117.23,119.3 1 0
robot_scheduler/internal/service/task.go:121.2,124.16 3 0
robot_scheduler/internal/service/task.go:124.16,126.3 1 0
robot_scheduler/internal/service/task.go:128.2,129.22 2 0
robot_scheduler/internal/service/task.go:129.22,131.3 1 0
robot_scheduler/internal/service/task.go:133.2,140.62 2 0
robot_scheduler/internal/service/user.go:21.55,25.2 1 6
robot_scheduler/internal/service/user.go:28.125,45.16 3 2
robot_scheduler/internal/service/user.go:45.16,48.3 2 1
robot_scheduler/internal/service/user.go:51.2,60.52 2 1
robot_scheduler/internal/service/user.go:60.52,63.3 2 0
robot_scheduler/internal/service/user.go:65.2,66.49 2 1
robot_scheduler/internal/service/user.go:70.113,75.16 3 0
robot_scheduler/internal/service/user.go:75.16,78.3 2 0
robot_scheduler/internal/service/user.go:80.2,80.17 1 0
robot_scheduler/internal/service/user.go:80.17,83.3 2 0
robot_scheduler/internal/service/user.go:86.2,86.25 1 0
robot_scheduler/internal/service/user.go:86.25,88.17 2 0
robot_scheduler/internal/service/user.go:88.17,91.4 2 0
robot_scheduler/internal/service/user.go:92.3,92.36 1 0
robot_scheduler/internal/service/user.go:94.2,94.21 1 0
robot_scheduler/internal/service/user.go:94.21,96.3 1 0
robot_scheduler/internal/service/user.go:97.2,97.25 1 0
robot_scheduler/internal/service/user.go:97.25,99.3 1 0
robot_scheduler/internal/service/user.go:100.2,100.26 1 0
robot_scheduler/internal/service/user.go:100.26,102.3 1 0
robot_scheduler/internal/service/user.go:105.2,105.52 1 0
robot_scheduler/internal/service/user.go:105.52,108.3 2 0
robot_scheduler/internal/service/user.go:110.2,111.12 2 0
robot_scheduler/internal/service/user.go:115.70,118.2 2 2
robot_scheduler/internal/service/user.go:121.92,124.16 3 2
robot_scheduler/internal/service/user.go:124.16,126.3 1 0
robot_scheduler/internal/service/user.go:127.2,127.17 1 2
robot_scheduler/internal/service/user.go:127.17,129.3 1 1
robot_scheduler/internal/service/user.go:130.2,130.49 1 1
robot_scheduler/internal/service/user.go:134.106,138.19 2 0
robot_scheduler/internal/service/user.go:138.19,140.3 1 0
robot_scheduler/internal/service/user.go:141.2,141.23 1 0
robot_scheduler/internal/service/user.go:141.23,143.3 1 0
robot_scheduler/internal/service/user.go:145.2,148.16 3 0
robot_scheduler/internal/service/user.go:148.16,150.3 1 0
robot_scheduler/internal/service/user.go:152.2,153.22 2 0
robot_scheduler/internal/service/user.go:153.22,155.3 1 0
robot_scheduler/internal/service/user.go:157.2,164.62 2 0
robot_scheduler/internal/service/user.go:168.102,171.2 2 0
robot_scheduler/internal/service/user.go:174.158,179.16 3 0
robot_scheduler/internal/service/user.go:179.16,182.3 2 0
robot_scheduler/internal/service/user.go:184.2,184.17 1 0
robot_scheduler/internal/service/user.go:184.17,187.3 2 0
robot_scheduler/internal/service/user.go:190.2,190.24 1 0
robot_scheduler/internal/service/user.go:190.24,193.3 2 0
robot_scheduler/internal/service/user.go:196.2,197.16 2 0
robot_scheduler/internal/service/user.go:197.16,200.3 2 0
robot_scheduler/internal/service/user.go:203.2,203.55 1 0
robot_scheduler/internal/service/user.go:203.55,206.3 2 0
robot_scheduler/internal/service/user.go:209.2,210.16 2 0
robot_scheduler/internal/service/user.go:210.16,213.3 2 0
robot_scheduler/internal/service/user.go:216.2,222.22 3 0
robot_scheduler/internal/service/user.go:226.57,230.2 2 0
robot_scheduler/internal/service/user.go:233.80,241.16 5 0
robot_scheduler/internal/service/user.go:241.16,244.3 2 0
robot_scheduler/internal/service/user.go:246.2,246.25 1 0
robot_scheduler/internal/service/user.go:246.25,249.3 2 0
robot_scheduler/internal/service/user.go:252.2,253.16 2 0
robot_scheduler/internal/service/user.go:253.16,256.3 2 0
robot_scheduler/internal/service/user.go:259.2,268.52 2 0
robot_scheduler/internal/service/user.go:268.52,271.3 2 0
robot_scheduler/internal/service/user.go:273.2,277.12 2 0
robot_scheduler/internal/service/user.go:281.44,282.22 1 0
robot_scheduler/internal/service/user.go:282.22,284.3 1 0
robot_scheduler/internal/service/user.go:285.2,286.30 2 0
robot_scheduler/internal/service/user.go:286.30,288.3 1 0
robot_scheduler/internal/service/user.go:289.2,289.20 1 0
robot_scheduler/internal/service/user_operation.go:19.87,23.2 1 0
robot_scheduler/internal/service/user_operation.go:26.142,42.62 3 0
robot_scheduler/internal/service/user_operation.go:42.62,45.3 2 0
robot_scheduler/internal/service/user_operation.go:47.2,48.63 2 0
robot_scheduler/internal/service/user_operation.go:52.121,57.16 3 0
robot_scheduler/internal/service/user_operation.go:57.16,60.3 2 0
robot_scheduler/internal/service/user_operation.go:62.2,62.22 1 0
robot_scheduler/internal/service/user_operation.go:62.22,65.3 2 0
robot_scheduler/internal/service/user_operation.go:68.2,68.25 1 0
robot_scheduler/internal/service/user_operation.go:68.25,70.3 1 0
robot_scheduler/internal/service/user_operation.go:71.2,71.26 1 0
robot_scheduler/internal/service/user_operation.go:71.26,73.3 1 0
robot_scheduler/internal/service/user_operation.go:74.2,74.23 1 0
robot_scheduler/internal/service/user_operation.go:74.23,76.3 1 0
robot_scheduler/internal/service/user_operation.go:77.2,77.25 1 0
robot_scheduler/internal/service/user_operation.go:77.25,79.3 1 0
robot_scheduler/internal/service/user_operation.go:80.2,80.27 1 0
robot_scheduler/internal/service/user_operation.go:80.27,82.3 1 0
robot_scheduler/internal/service/user_operation.go:83.2,83.19 1 0
robot_scheduler/internal/service/user_operation.go:83.19,85.3 1 0
robot_scheduler/internal/service/user_operation.go:86.2,86.26 1 0
robot_scheduler/internal/service/user_operation.go:86.26,88.3 1 0
robot_scheduler/internal/service/user_operation.go:89.2,89.26 1 0
robot_scheduler/internal/service/user_operation.go:89.26,91.3 1 0
robot_scheduler/internal/service/user_operation.go:94.2,94.62 1 0
robot_scheduler/internal/service/user_operation.go:94.62,97.3 2 0
robot_scheduler/internal/service/user_operation.go:99.2,100.12 2 0
robot_scheduler/internal/service/user_operation.go:104.84,107.2 2 0
robot_scheduler/internal/service/user_operation.go:110.115,113.16 3 0
robot_scheduler/internal/service/user_operation.go:113.16,115.3 1 0
robot_scheduler/internal/service/user_operation.go:116.2,116.22 1 0
robot_scheduler/internal/service/user_operation.go:116.22,118.3 1 0
robot_scheduler/internal/service/user_operation.go:119.2,119.63 1 0
robot_scheduler/internal/service/user_operation.go:123.129,126.19 2 0
robot_scheduler/internal/service/user_operation.go:126.19,128.3 1 0
robot_scheduler/internal/service/user_operation.go:129.2,129.23 1 0
robot_scheduler/internal/service/user_operation.go:129.23,131.3 1 0
robot_scheduler/internal/service/user_operation.go:133.2,136.16 3 0
robot_scheduler/internal/service/user_operation.go:136.16,138.3 1 0
robot_scheduler/internal/service/user_operation.go:140.2,141.22 2 0
robot_scheduler/internal/service/user_operation.go:141.22,143.3 1 0
robot_scheduler/internal/service/user_operation.go:145.2,152.76 2 0
robot_scheduler/internal/logger/logger.go:16.43,19.50 2 0
robot_scheduler/internal/logger/logger.go:19.50,21.3 1 0
robot_scheduler/internal/logger/logger.go:24.2,25.66 2 0
robot_scheduler/internal/logger/logger.go:25.66,27.3 1 0
robot_scheduler/internal/logger/logger.go:30.2,39.68 1 0
robot_scheduler/internal/logger/logger.go:39.68,41.4 1 0
robot_scheduler/internal/logger/logger.go:47.2,48.34 2 0
robot_scheduler/internal/logger/logger.go:48.34,50.3 1 0
robot_scheduler/internal/logger/logger.go:50.8,52.3 1 0
robot_scheduler/internal/logger/logger.go:55.2,73.12 4 0
robot_scheduler/internal/logger/logger.go:76.19,78.2 1 0
robot_scheduler/internal/logger/logger.go:81.45,83.2 1 0
robot_scheduler/internal/logger/logger.go:85.49,87.2 1 0
robot_scheduler/internal/logger/logger.go:89.44,91.2 1 0
robot_scheduler/internal/logger/logger.go:93.48,95.2 1 0
robot_scheduler/internal/logger/logger.go:97.44,99.2 1 0
robot_scheduler/internal/logger/logger.go:101.48,103.2 1 0
robot_scheduler/internal/logger/logger.go:105.45,107.2 1 0
robot_scheduler/internal/logger/logger.go:109.49,111.2 1 0
robot_scheduler/internal/logger/logger.go:113.46,115.2 1 0
robot_scheduler/internal/logger/logger.go:117.50,119.2 1 0
robot_scheduler/internal/logger/logger.go:121.45,123.2 1 0
robot_scheduler/internal/logger/logger.go:125.49,127.2 1 0
robot_scheduler/internal/logger/logger.go:129.45,131.2 1 0
robot_scheduler/internal/logger/logger.go:133.49,135.2 1 0
robot_scheduler/internal/model/dto/device.go:52.68,53.14 1 0
robot_scheduler/internal/model/dto/device.go:53.14,55.3 1 0
robot_scheduler/internal/model/dto/device.go:56.2,67.3 1 0
robot_scheduler/internal/model/dto/device.go:71.102,76.25 2 0
robot_scheduler/internal/model/dto/device.go:76.25,78.3 1 0
robot_scheduler/internal/model/dto/device.go:79.2,79.13 1 0
robot_scheduler/internal/model/dto/pcd_file.go:51.71,52.14 1 0
robot_scheduler/internal/model/dto/pcd_file.go:52.14,54.3 1 0
robot_scheduler/internal/model/dto/pcd_file.go:55.2,66.3 1 0
robot_scheduler/internal/model/dto/pcd_file.go:70.105,75.25 2 0
robot_scheduler/internal/model/dto/pcd_file.go:75.25,77.3 1 0
robot_scheduler/internal/model/dto/pcd_file.go:78.2,78.13 1 0
robot_scheduler/internal/model/dto/semantic.go:43.83,44.14 1 0
robot_scheduler/internal/model/dto/semantic.go:44.14,46.3 1 0
robot_scheduler/internal/model/dto/semantic.go:47.2,56.3 1 0
robot_scheduler/internal/model/dto/semantic.go:60.117,65.25 2 0
robot_scheduler/internal/model/dto/semantic.go:65.25,67.3 1 0
robot_scheduler/internal/model/dto/semantic.go:68.2,68.13 1 0
robot_scheduler/internal/model/dto/task.go:45.62,46.14 1 0
robot_scheduler/internal/model/dto/task.go:46.14,48.3 1 0
robot_scheduler/internal/model/dto/task.go:49.2,59.3 1 0
robot_scheduler/internal/model/dto/task.go:63.96,68.25 2 0
robot_scheduler/internal/model/dto/task.go:68.25,70.3 1 0
robot_scheduler/internal/model/dto/task.go:71.2,71.13 1 0
robot_scheduler/internal/model/dto/user.go:42.66,43.14 1 0
robot_scheduler/internal/model/dto/user.go:43.14,45.3 1 0
robot_scheduler/internal/model/dto/user.go:46.2,54.3 1 0
robot_scheduler/internal/model/dto/user.go:59.100,64.25 2 0
robot_scheduler/internal/model/dto/user.go:64.25,66.3 1 0
robot_scheduler/internal/model/dto/user.go:67.2,67.13 1 0
robot_scheduler/internal/model/dto/user_operation.go:53.89,54.14 1 0
robot_scheduler/internal/model/dto/user_operation.go:54.14,56.3 1 0
robot_scheduler/internal/model/dto/user_operation.go:57.2,68.3 1 0
robot_scheduler/internal/model/dto/user_operation.go:72.123,77.25 2 0
robot_scheduler/internal/model/dto/user_operation.go:77.25,79.3 1 0
robot_scheduler/internal/model/dto/user_operation.go:80.2,80.13 1 0
robot_scheduler/internal/database/database.go:21.37,25.30 3 0
robot_scheduler/internal/database/database.go:26.18,27.55 1 0
robot_scheduler/internal/database/database.go:28.16,29.51 1 0
robot_scheduler/internal/database/database.go:30.10,31.75 1 0
robot_scheduler/internal/database/database.go:34.2,34.16 1 0
robot_scheduler/internal/database/database.go:34.16,36.3 1 0
robot_scheduler/internal/database/database.go:39.2,45.16 3 0
robot_scheduler/internal/database/database.go:45.16,47.3 1 0
robot_scheduler/internal/database/database.go:50.2,51.16 2 0
robot_scheduler/internal/database/database.go:51.16,53.3 1 0
robot_scheduler/internal/database/database.go:56.2,56.72 1 0
robot_scheduler/internal/database/database.go:56.72,60.3 3 0
robot_scheduler/internal/database/database.go:62.2,63.12 2 0
robot_scheduler/internal/database/database.go:66.71,67.16 1 0
robot_scheduler/internal/database/database.go:67.16,69.3 1 0
robot_scheduler/internal/database/database.go:71.2,74.32 2 0
robot_scheduler/internal/database/database.go:77.67,78.16 1 0
robot_scheduler/internal/database/database.go:78.16,80.3 1 0
robot_scheduler/internal/database/database.go:83.2,84.47 2 0
robot_scheduler/internal/database/database.go:84.47,86.3 1 0
robot_scheduler/internal/database/database.go:88.2,93.37 2 0
robot_scheduler/internal/database/database.go:96.57,98.25 2 0
robot_scheduler/internal/database/database.go:98.25,100.3 1 0
robot_scheduler/internal/database/database.go:101.2,101.22 1 0
robot_scheduler/internal/database/database.go:101.22,103.3 1 0
robot_scheduler/internal/database/database.go:104.2,104.27 1 0
robot_scheduler/internal/database/database.go:104.27,106.3 1 0
robot_scheduler/internal/database/database.go:107.2,107.15 1 0
robot_scheduler/internal/model/entity/device.go:43.34,45.2 1 0
robot_scheduler/internal/model/entity/pcd_file.go:17.35,19.2 1 0
robot_scheduler/internal/model/entity/semantic_map.go:15.39,17.2 1 0
robot_scheduler/internal/model/entity/task.go:27.32,29.2 1 0
robot_scheduler/internal/model/entity/user.go:25.36,27.2 1 0
robot_scheduler/internal/model/entity/user_operation.go:31.41,33.2 1 0
robot_scheduler/internal/testutil/db.go:16.41,20.26 2 0
robot_scheduler/internal/testutil/db.go:20.26,22.3 1 0
robot_scheduler/internal/testutil/db.go:25.2,28.16 2 0
robot_scheduler/internal/testutil/db.go:28.16,30.3 1 0
robot_scheduler/internal/testutil/db.go:33.2,41.16 2 0
robot_scheduler/internal/testutil/db.go:41.16,43.3 1 0
robot_scheduler/internal/testutil/db.go:45.2,45.11 1 0
robot_scheduler/internal/testutil/db.go:49.34,51.16 2 0
robot_scheduler/internal/testutil/db.go:51.16,53.3 1 0
robot_scheduler/internal/testutil/db.go:54.2,54.15 1 0
robot_scheduler/internal/testutil/fixtures.go:11.104,21.46 3 0
robot_scheduler/internal/testutil/fixtures.go:21.46,23.3 1 0
robot_scheduler/internal/testutil/fixtures.go:25.2,25.13 1 0
robot_scheduler/internal/testutil/fixtures.go:29.95,40.48 4 0
robot_scheduler/internal/testutil/fixtures.go:40.48,42.3 1 0
robot_scheduler/internal/testutil/fixtures.go:44.2,44.15 1 0
robot_scheduler/internal/testutil/fixtures.go:48.80,59.49 3 0
robot_scheduler/internal/testutil/fixtures.go:59.49,61.3 1 0
robot_scheduler/internal/testutil/fixtures.go:63.2,63.16 1 0
robot_scheduler/internal/testutil/fixtures.go:67.91,76.53 3 0
robot_scheduler/internal/testutil/fixtures.go:76.53,78.3 1 0
robot_scheduler/internal/testutil/fixtures.go:80.2,80.20 1 0
robot_scheduler/internal/testutil/fixtures.go:84.81,95.46 4 0
robot_scheduler/internal/testutil/fixtures.go:95.46,97.3 1 0
robot_scheduler/internal/testutil/fixtures.go:99.2,99.13 1 0
robot_scheduler/internal/testutil/fixtures.go:103.128,113.48 3 0
robot_scheduler/internal/testutil/fixtures.go:113.48,115.3 1 0
robot_scheduler/internal/testutil/fixtures.go:117.2,117.15 1 0
robot_scheduler/internal/testutil/mocks/mock_device_dao.go:33.63,37.2 3 0
robot_scheduler/internal/testutil/mocks/mock_device_dao.go:40.61,42.2 1 0
robot_scheduler/internal/testutil/mocks/mock_device_dao.go:45.82,50.2 4 0
robot_scheduler/internal/testutil/mocks/mock_device_dao.go:53.75,56.2 2 0
robot_scheduler/internal/testutil/mocks/mock_device_dao.go:59.68,64.2 4 0
robot_scheduler/internal/testutil/mocks/mock_device_dao.go:67.71,70.2 2 0
robot_scheduler/internal/testutil/mocks/mock_device_dao.go:73.80,79.2 5 0
robot_scheduler/internal/testutil/mocks/mock_device_dao.go:82.68,85.2 2 0
robot_scheduler/internal/testutil/mocks/mock_device_dao.go:88.88,94.2 5 0
robot_scheduler/internal/testutil/mocks/mock_device_dao.go:97.73,100.2 2 0
robot_scheduler/internal/testutil/mocks/mock_device_dao.go:103.107,110.2 6 0
robot_scheduler/internal/testutil/mocks/mock_device_dao.go:113.84,116.2 2 0
robot_scheduler/internal/testutil/mocks/mock_device_dao.go:119.82,124.2 4 0
robot_scheduler/internal/testutil/mocks/mock_device_dao.go:127.75,130.2 2 0
robot_scheduler/internal/testutil/mocks/mock_pcd_dao.go:33.65,37.2 3 0
robot_scheduler/internal/testutil/mocks/mock_pcd_dao.go:40.63,42.2 1 0
robot_scheduler/internal/testutil/mocks/mock_pcd_dao.go:45.82,50.2 4 0
robot_scheduler/internal/testutil/mocks/mock_pcd_dao.go:53.74,56.2 2 0
robot_scheduler/internal/testutil/mocks/mock_pcd_dao.go:59.69,64.2 4 0
robot_scheduler/internal/testutil/mocks/mock_pcd_dao.go:67.72,70.2 2 0
robot_scheduler/internal/testutil/mocks/mock_pcd_dao.go:73.82,79.2 5 0
robot_scheduler/internal/testutil/mocks/mock_pcd_dao.go:82.69,85.2 2 0
robot_scheduler/internal/testutil/mocks/mock_pcd_dao.go:88.90,94.2 5 0
robot_scheduler/internal/testutil/mocks/mock_pcd_dao.go:97.74,100.2 2 0
robot_scheduler/internal/testutil/mocks/mock_pcd_dao.go:103.96,109.2 5 0
robot_scheduler/internal/testutil/mocks/mock_pcd_dao.go:112.78,115.2 2 0
robot_scheduler/internal/testutil/mocks/mock_pcd_dao.go:118.109,125.2 6 0
robot_scheduler/internal/testutil/mocks/mock_pcd_dao.go:128.85,131.2 2 0
robot_scheduler/internal/testutil/mocks/mock_pcd_dao.go:134.82,139.2 4 0
robot_scheduler/internal/testutil/mocks/mock_pcd_dao.go:142.74,145.2 2 0
robot_scheduler/internal/testutil/mocks/mock_semantic_dao.go:33.73,37.2 3 0
robot_scheduler/internal/testutil/mocks/mock_semantic_dao.go:40.71,42.2 1 0
robot_scheduler/internal/testutil/mocks/mock_semantic_dao.go:45.97,50.2 4 0
robot_scheduler/internal/testutil/mocks/mock_semantic_dao.go:53.85,56.2 2 0
robot_scheduler/internal/testutil/mocks/mock_semantic_dao.go:59.73,64.2 4 0
robot_scheduler/internal/testutil/mocks/mock_semantic_dao.go:67.76,70.2 2 0
robot_scheduler/internal/testutil/mocks/mock_semantic_dao.go:73.90,79.2 5 0
robot_scheduler/internal/testutil/mocks/mock_semantic_dao.go:82.73,85.2 2 0
robot_scheduler/internal/testutil/mocks/mock_semantic_dao.go:88.98,94.2 5 0
robot_scheduler/internal/testutil/mocks/mock_semantic_dao.go:97.78,100.2 2 0
robot_scheduler/internal/testutil/mocks/mock_semantic_dao.go:103.117,110.2 6 0
robot_scheduler/internal/testutil/mocks/mock_semantic_dao.go:113.89,116.2 2 0
robot_scheduler/internal/testutil/mocks/mock_semantic_dao.go:119.97,124.2 4 0
robot_scheduler/internal/testutil/mocks/mock_semantic_dao.go:127.85,130.2 2 0
robot_scheduler/internal/testutil/mocks/mock_task_dao.go:33.59,37.2 3 0
robot_scheduler/internal/testutil/mocks/mock_task_dao.go:40.57,42.2 1 0
robot_scheduler/internal/testutil/mocks/mock_task_dao.go:45.76,50.2 4 0
robot_scheduler/internal/testutil/mocks/mock_task_dao.go:53.71,56.2 2 0
robot_scheduler/internal/testutil/mocks/mock_task_dao.go:59.66,64.2 4 0
robot_scheduler/internal/testutil/mocks/mock_task_dao.go:67.69,70.2 2 0
robot_scheduler/internal/testutil/mocks/mock_task_dao.go:73.76,79.2 5 0
robot_scheduler/internal/testutil/mocks/mock_task_dao.go:82.66,85.2 2 0
robot_scheduler/internal/testutil/mocks/mock_task_dao.go:88.84,94.2 5 0
robot_scheduler/internal/testutil/mocks/mock_task_dao.go:97.71,100.2 2 0
robot_scheduler/internal/testutil/mocks/mock_task_dao.go:103.103,110.2 6 0
robot_scheduler/internal/testutil/mocks/mock_task_dao.go:113.82,116.2 2 0
robot_scheduler/internal/testutil/mocks/mock_task_dao.go:119.76,124.2 4 0
robot_scheduler/internal/testutil/mocks/mock_task_dao.go:127.71,130.2 2 0
robot_scheduler/internal/testutil/mocks/mock_user_dao.go:33.59,37.2 3 0
robot_scheduler/internal/testutil/mocks/mock_user_dao.go:40.57,42.2 1 0
robot_scheduler/internal/testutil/mocks/mock_user_dao.go:45.80,50.2 4 0
robot_scheduler/internal/testutil/mocks/mock_user_dao.go:53.71,56.2 2 0
robot_scheduler/internal/testutil/mocks/mock_user_dao.go:59.66,64.2 4 0
robot_scheduler/internal/testutil/mocks/mock_user_dao.go:67.69,70.2 2 0
robot_scheduler/internal/testutil/mocks/mock_user_dao.go:73.80,79.2 5 0
robot_scheduler/internal/testutil/mocks/mock_user_dao.go:82.66,85.2 2 0
robot_scheduler/internal/testutil/mocks/mock_user_dao.go:88.88,94.2 5 0
robot_scheduler/internal/testutil/mocks/mock_user_dao.go:97.71,100.2 2 0
robot_scheduler/internal/testutil/mocks/mock_user_dao.go:103.102,109.2 5 0
robot_scheduler/internal/testutil/mocks/mock_user_dao.go:112.83,115.2 2 0
robot_scheduler/internal/testutil/mocks/mock_user_dao.go:118.107,125.2 6 0
robot_scheduler/internal/testutil/mocks/mock_user_dao.go:128.82,131.2 2 0
robot_scheduler/internal/testutil/mocks/mock_user_dao.go:134.80,139.2 4 0
robot_scheduler/internal/testutil/mocks/mock_user_dao.go:142.71,145.2 2 0
robot_scheduler/internal/testutil/mocks/mock_user_operation_dao.go:33.77,37.2 3 0
robot_scheduler/internal/testutil/mocks/mock_user_operation_dao.go:40.75,42.2 1 0
robot_scheduler/internal/testutil/mocks/mock_user_operation_dao.go:45.99,50.2 4 0
robot_scheduler/internal/testutil/mocks/mock_user_operation_dao.go:53.85,56.2 2 0
robot_scheduler/internal/testutil/mocks/mock_user_operation_dao.go:59.75,64.2 4 0
robot_scheduler/internal/testutil/mocks/mock_user_operation_dao.go:67.78,70.2 2 0
robot_scheduler/internal/testutil/mocks/mock_user_operation_dao.go:73.94,79.2 5 0
robot_scheduler/internal/testutil/mocks/mock_user_operation_dao.go:82.75,85.2 2 0
robot_scheduler/internal/testutil/mocks/mock_user_operation_dao.go:88.102,94.2 5 0
robot_scheduler/internal/testutil/mocks/mock_user_operation_dao.go:97.80,100.2 2 0
robot_scheduler/internal/testutil/mocks/mock_user_operation_dao.go:103.121,110.2 6 0
robot_scheduler/internal/testutil/mocks/mock_user_operation_dao.go:113.91,116.2 2 0
robot_scheduler/internal/testutil/mocks/mock_user_operation_dao.go:119.99,124.2 4 0
robot_scheduler/internal/testutil/mocks/mock_user_operation_dao.go:127.85,130.2 2 0
